#
# A fatal error has been detected by the Java Runtime Environment:
#
#  SIGSEGV (0xb) at pc=0x00007fff8d0a00dd, pid=3699, tid=1299
#
# JRE version: Java(TM) SE Runtime Environment (7.0_51-b13) (build 1.7.0_51-b13)
# Java VM: Java HotSpot(TM) 64-Bit Server VM (24.51-b03 mixed mode bsd-amd64 compressed oops)
# Problematic frame:
# C  [libobjc.A.dylib+0x10dd]  objc_msgSend+0x1d
#
# Failed to write core dump. Core dumps have been disabled. To enable core dumping, try "ulimit -c unlimited" before starting Java again
#
# If you would like to submit a bug report, please visit:
#   http://bugreport.sun.com/bugreport/crash.jsp
# The crash happened outside the Java Virtual Machine in native code.
# See problematic frame for where to report the bug.
#

---------------  T H R E A D  ---------------

Current thread (0x00007ffed3862000):  JavaThread "AppKit Thread" daemon [_thread_in_native, id=1299, stack(0x00007fff5df80000,0x00007fff5e000000)]

siginfo:si_signo=SIGSEGV: si_errno=0, si_code=1 (SEGV_MAPERR), si_addr=0x000007ffed26d2d8

Registers:
RAX=0x00007ffed2673dd0, RBX=0x00007fff5dffb458, RCX=0x0000000000000000, RDX=0x00007ffed27f7420
RSP=0x00007fff5dffb278, RBP=0x00007fff5dffb280, RSI=0x00007fff8c5f9be4, RDI=0x00007ffed2673dd0
R8 =0x00007fff5dffb260, R9 =0x0000000000000071, R10=0x00007fff8c5f9be4, R11=0x000007ffed26d2c0
R12=0x00007ffed261fed0, R13=0x00000000000f4332, R14=0x00007ffed27f9c10, R15=0x00007fff5dffb3b8
RIP=0x00007fff8d0a00dd, EFLAGS=0x0000000000010206, ERR=0x0000000000000004
  TRAPNO=0x000000000000000e

Top of Stack: (sp=0x00007fff5dffb278)
0x00007fff5dffb278:   00007fff87da4cbc 00007fff5dffb5e0
0x00007fff5dffb288:   00007fff87c961b4 00007fff5dffb30c
0x00007fff5dffb298:   00007fff5dffb310 00007fff5dffb314
0x00007fff5dffb2a8:   00007fff7808fb48 ffffffffffffffff
0x00007fff5dffb2b8:   0000000000000a98 00007fff7808fb60
0x00007fff5dffb2c8:   00007ffed27f9c10 0000000000000000
0x00007fff5dffb2d8:   00007fff5dffb3b0 0000000000000000
0x00007fff5dffb2e8:   00007ffed265f8d0 00007fff5dffb430
0x00007fff5dffb2f8:   0000000000000071 00000000000f4334
0x00007fff5dffb308:   00007ffed27f7420 00007ffed26ed0e0
0x00007fff5dffb318:   00007ffed261fed0 0000000000000001
0x00007fff5dffb328:   00000000000f4332 00007ffed261fec0
0x00007fff5dffb338:   00007fff89e6b109 00000001d313eb90
0x00007fff5dffb348:   00007fff78df40d0 0000000042000000
0x00007fff5dffb358:   00007fff89e736a3 00007fff7805a1d0
0x00007fff5dffb368:   00007fff5dffb438 00007fff5dffb390
0x00007fff5dffb378:   00007fff5dffb3b0 0000000000000000
0x00007fff5dffb388:   0000000000000007 0004400300000001
0x00007fff5dffb398:   00007ffed261fef4 0000000000000000
0x00007fff5dffb3a8:   0000000000000000 00007ffed26ed3a0
0x00007fff5dffb3b8:   00007ffed27f9c10 0000002000000000
0x00007fff5dffb3c8:   0000000000000000 00007fff78df40d0
0x00007fff5dffb3d8:   0000000042000000 00007fff89fab99f
0x00007fff5dffb3e8:   00007fff7805a2e0 00007fff5dffb348
0x00007fff5dffb3f8:   0000000000000000 00007fff5dffb4c8
0x00007fff5dffb408:   00007fff785cd560 00007fff5dffb500
0x00007fff5dffb418:   00007fff8b90fedc 00007fff5dffb4b0
0x00007fff5dffb428:   00007fff8c0d5dbc 000000000000005e
0x00007fff5dffb438:   0000000000000000 00000000000f432c
0x00007fff5dffb448:   0000000000000060 0000000000000000
0x00007fff5dffb458:   00000000000f4332 00007fff5dffb4d4
0x00007fff5dffb468:   000000000059f601 00000000ffffffff 

Instructions: (pc=0x00007fff8d0a00dd)
0x00007fff8d0a00bd:   00 00 00 48 85 ff 2e 74 7a 40 f6 c7 01 2e 75 7e
0x00007fff8d0a00cd:   49 bb f8 ff ff ff ff 7f 00 00 4c 23 1f 49 89 f2
0x00007fff8d0a00dd:   45 23 53 18 49 c1 e2 04 4d 03 53 10 49 3b 32 75
0x00007fff8d0a00ed:   04 41 ff 62 08 49 83 3a 00 74 6a 4d 3b 53 10 74 

Register to memory mapping:

RAX=0x00007ffed2673dd0 is an unknown value
RBX=0x00007fff5dffb458 is pointing into the stack for thread: 0x00007ffed3862000
RCX=0x0000000000000000 is an unknown value
RDX=0x00007ffed27f7420 is an unknown value
RSP=0x00007fff5dffb278 is pointing into the stack for thread: 0x00007ffed3862000
RBP=0x00007fff5dffb280 is pointing into the stack for thread: 0x00007ffed3862000
RSI=0x00007fff8c5f9be4: -[NSTitlebarContainerView shouldRoundCorners]+0x5c646 in /System/Library/Frameworks/AppKit.framework/Versions/C/AppKit at 0x00007fff8bc30000
RDI=0x00007ffed2673dd0 is an unknown value
R8 =0x00007fff5dffb260 is pointing into the stack for thread: 0x00007ffed3862000
R9 =0x0000000000000071 is an unknown value
R10=0x00007fff8c5f9be4: -[NSTitlebarContainerView shouldRoundCorners]+0x5c646 in /System/Library/Frameworks/AppKit.framework/Versions/C/AppKit at 0x00007fff8bc30000
R11=0x000007ffed26d2c0 is an unknown value
R12=0x00007ffed261fed0 is an unknown value
R13=0x00000000000f4332 is an unknown value
R14=0x00007ffed27f9c10 is an unknown value
R15=0x00007fff5dffb3b8 is pointing into the stack for thread: 0x00007ffed3862000


Stack: [0x00007fff5df80000,0x00007fff5e000000],  sp=0x00007fff5dffb278,  free space=492k
Native frames: (J=compiled Java code, j=interpreted, Vv=VM code, C=native code)
C  [libobjc.A.dylib+0x10dd]  objc_msgSend+0x1d
C  [CoreFoundation+0x101b4]  _CFXNotificationPost+0xc44
C  [Foundation+0x2ea1]  -[NSNotificationCenter postNotificationName:object:userInfo:]+0x42
C  [AppKit+0xddb36]  -[NSSurface _disposeSurface]+0x98
C  [AppKit+0xdd59a]  -[NSSurface setWindow:]+0x42
C  [AppKit+0x3c00c]  -[NSView _setWindow:]+0x98f
C  [AppKit+0x3d262]  -[NSView removeFromSuperview]+0x1c5
C  [AppKit+0x918ca]  -[NSView removeFromSuperviewWithoutNeedingDisplay]+0x26
C  [liblwjgl.jnilib+0x9c3e]  +[MacOSXKeyableWindow destroyWindow]+0xde
C  [Foundation+0x65f4c]  __NSThreadPerformPerform+0x125
C  [CoreFoundation+0x80661]  __CFRUNLOOP_IS_CALLING_OUT_TO_A_SOURCE0_PERFORM_FUNCTION__+0x11
C  [CoreFoundation+0x727ed]  __CFRunLoopDoSources0+0x10d
C  [CoreFoundation+0x71e1f]  __CFRunLoopRun+0x39f
C  [CoreFoundation+0x71838]  CFRunLoopRunSpecific+0x128
C  [HIToolbox+0x2e43f]  RunCurrentEventLoopInMode+0xeb
C  [HIToolbox+0x2e0be]  ReceiveNextEventCommon+0xb3
C  [HIToolbox+0x2dffb]  _BlockUntilNextEventMatchingListInModeWithFilter+0x47
C  [AppKit+0x246d1]  _DPSNextEvent+0x3c4
C  [AppKit+0x23e80]  -[NSApplication nextEventMatchingMask:untilDate:inMode:dequeue:]+0xc2
C  [libosxapp.dylib+0x16f4]  -[NSApplicationAWT nextEventMatchingMask:untilDate:inMode:dequeue:]+0x7c
C  [AppKit+0x17e23]  -[NSApplication run]+0x252
C  [libosxapp.dylib+0x1557]  +[NSApplicationAWT runAWTLoopWithApp:]+0x9c
C  [liblwawt.dylib+0xdba9]  -[AWTStarter starter:]+0x369
C  [Foundation+0x65f4c]  __NSThreadPerformPerform+0x125
C  [CoreFoundation+0x80661]  __CFRUNLOOP_IS_CALLING_OUT_TO_A_SOURCE0_PERFORM_FUNCTION__+0x11
C  [CoreFoundation+0x727ed]  __CFRunLoopDoSources0+0x10d
C  [CoreFoundation+0x71e1f]  __CFRunLoopRun+0x39f
C  [CoreFoundation+0x71838]  CFRunLoopRunSpecific+0x128
C  [java+0x73b0]  CreateExecutionEnvironment+0x367
C  [java+0x1b5c]  JLI_Launch+0x7a0
C  [java+0x770d]  main+0x65
C  [java+0x13b4]  start+0x34


---------------  P R O C E S S  ---------------

Java Threads: ( => current thread )
  0x00007ffed31b4000 JavaThread "TimerQueue" daemon [_thread_blocked, id=55627, stack(0x000000011a21a000,0x000000011a31a000)]
  0x00007ffed3003800 JavaThread "DestroyJavaVM" [_thread_blocked, id=4099, stack(0x0000000103001000,0x0000000103101000)]
  0x00007ffed4153800 JavaThread "AWT-EventQueue-0" [_thread_in_native, id=50719, stack(0x0000000113532000,0x0000000113632000)]
  0x00007ffed310d800 JavaThread "Java2D Disposer" daemon [_thread_blocked, id=49723, stack(0x00000001133af000,0x00000001134af000)]
  0x00007ffed389a000 JavaThread "Java2D Queue Flusher" daemon [_thread_blocked, id=42007, stack(0x0000000112a7c000,0x0000000112b7c000)]
  0x00007ffed2870800 JavaThread "AWT-Shutdown" [_thread_blocked, id=28179, stack(0x000000010fcb7000,0x000000010fdb7000)]
=>0x00007ffed3862000 JavaThread "AppKit Thread" daemon [_thread_in_native, id=1299, stack(0x00007fff5df80000,0x00007fff5e000000)]
  0x00007ffed4027800 JavaThread "Service Thread" daemon [_thread_blocked, id=17923, stack(0x000000010e47b000,0x000000010e57b000)]
  0x00007ffed4027000 JavaThread "C2 CompilerThread1" daemon [_thread_blocked, id=17411, stack(0x000000010e378000,0x000000010e478000)]
  0x00007ffed280f800 JavaThread "C2 CompilerThread0" daemon [_thread_blocked, id=16899, stack(0x000000010e275000,0x000000010e375000)]
  0x00007ffed4021000 JavaThread "Signal Dispatcher" daemon [_thread_blocked, id=16411, stack(0x000000010e172000,0x000000010e272000)]
  0x00007ffed3812800 JavaThread "Finalizer" daemon [_thread_blocked, id=12035, stack(0x000000010c844000,0x000000010c944000)]
  0x00007ffed302b000 JavaThread "Reference Handler" daemon [_thread_blocked, id=11523, stack(0x000000010c741000,0x000000010c841000)]

Other Threads:
  0x00007ffed3810000 VMThread [stack: 0x000000010c63e000,0x000000010c73e000] [id=11011]
  0x00007ffed2810800 WatcherThread [stack: 0x000000010e57e000,0x000000010e67e000] [id=18435]

VM state:not at safepoint (normal execution)

VM Mutex/Monitor currently owned by a thread: None

Heap
 PSYoungGen      total 38912K, used 14082K [0x00000007d5500000, 0x00000007d8000000, 0x0000000800000000)
  eden space 33792K, 41% used [0x00000007d5500000,0x00000007d62c08c8,0x00000007d7600000)
  from space 5120K, 0% used [0x00000007d7b00000,0x00000007d7b00000,0x00000007d8000000)
  to   space 5120K, 0% used [0x00000007d7600000,0x00000007d7600000,0x00000007d7b00000)
 ParOldGen       total 87040K, used 0K [0x0000000780000000, 0x0000000785500000, 0x00000007d5500000)
  object space 87040K, 0% used [0x0000000780000000,0x0000000780000000,0x0000000785500000)
 PSPermGen       total 21504K, used 10953K [0x000000077ae00000, 0x000000077c300000, 0x0000000780000000)
  object space 21504K, 50% used [0x000000077ae00000,0x000000077b8b24a8,0x000000077c300000)

Card table byte_map: [0x00000001061c3000,0x00000001065ed000] byte_map_base: 0x00000001025ec000

Polling page: 0x00000001027a5000

Code Cache  [0x0000000103103000, 0x0000000103373000, 0x0000000106103000)
 total_blobs=597 nmethods=111 adapters=440 free_code_cache=48439Kb largest_free_block=49580416

Compilation events (10 events):
Event: 49.058 Thread 0x00007ffed280f800  107             com.swarmga.logic.Enviroment::removeDeadAgents (81 bytes)
Event: 49.094 Thread 0x00007ffed280f800 nmethod 107 0x00000001031b0c90 code [0x00000001031b0e60, 0x00000001031b1518]
Event: 51.575 Thread 0x00007ffed4027000  108             java.nio.Buffer::position (43 bytes)
Event: 51.579 Thread 0x00007ffed4027000 nmethod 108 0x00000001031ad850 code [0x00000001031ad980, 0x00000001031ada18]
Event: 51.804 Thread 0x00007ffed280f800  109             java.nio.Buffer::remaining (10 bytes)
Event: 51.804 Thread 0x00007ffed280f800 nmethod 109 0x00000001031ad650 code [0x00000001031ad780, 0x00000001031ad7d8]
Event: 56.758 Thread 0x00007ffed4027000  110             com.swarmga.logic.Enviroment::update (66 bytes)
Event: 56.792 Thread 0x00007ffed4027000 nmethod 110 0x00000001031abc50 code [0x00000001031abfc0, 0x00000001031acdf0]
Event: 59.059 Thread 0x00007ffed280f800  111             java.util.Collections::shuffle (127 bytes)
Event: 59.082 Thread 0x00007ffed280f800 nmethod 111 0x00000001031ae410 code [0x00000001031ae5a0, 0x00000001031aeaf8]

GC Heap History (0 events):
No events

Deoptimization events (6 events):
Event: 5.325 Thread 0x00007ffed389a000 Uncommon trap: reason=predicate action=maybe_recompile pc=0x0000000103181700 method=java.util.Arrays.fill([Ljava/lang/Object;Ljava/lang/Object;)V @ 10
Event: 9.070 Thread 0x00007ffed4153800 Uncommon trap: reason=null_assert action=make_not_entrant pc=0x000000010319e6b8 method=com.swarmga.logic.Enviroment.mainLoop()V @ 93
Event: 11.558 Thread 0x00007ffed4153800 Uncommon trap: reason=intrinsic action=make_not_entrant pc=0x00000001031a5fc0 method=Utilities.Util.getDistance(IIII)I @ 21
Event: 11.758 Thread 0x00007ffed4153800 Uncommon trap: reason=intrinsic action=make_not_entrant pc=0x00000001031a2cc8 method=Utilities.Util.getDistance(IIII)I @ 8
Event: 11.758 Thread 0x00007ffed4153800 Uncommon trap: reason=intrinsic action=make_not_entrant pc=0x00000001031a4ac8 method=Utilities.Util.getDistance(IIII)I @ 8
Event: 19.158 Thread 0x00007ffed4153800 Uncommon trap: reason=intrinsic action=make_not_entrant pc=0x00000001031aa644 method=Utilities.Util.getDistance(IIII)I @ 34

Internal exceptions (10 events):
Event: 8.857 Thread 0x00007ffed4153800 Threw 0x00000007d6080fd0 at /HUDSON/workspace/7u-2-build-macosx-x86_64/jdk7u51/527/hotspot/src/share/vm/prims/jvm.cpp:1244
Event: 8.857 Thread 0x00007ffed4153800 Threw 0x00000007d6084840 at /HUDSON/workspace/7u-2-build-macosx-x86_64/jdk7u51/527/hotspot/src/share/vm/prims/jvm.cpp:1244
Event: 8.858 Thread 0x00007ffed4153800 Threw 0x00000007d60882f8 at /HUDSON/workspace/7u-2-build-macosx-x86_64/jdk7u51/527/hotspot/src/share/vm/prims/jvm.cpp:1244
Event: 8.868 Thread 0x00007ffed4153800 Threw 0x00000007d609b6a8 at /HUDSON/workspace/7u-2-build-macosx-x86_64/jdk7u51/527/hotspot/src/share/vm/prims/jvm.cpp:1244
Event: 8.869 Thread 0x00007ffed4153800 Threw 0x00000007d60c94a8 at /HUDSON/workspace/7u-2-build-macosx-x86_64/jdk7u51/527/hotspot/src/share/vm/prims/jvm.cpp:1244
Event: 8.937 Thread 0x00007ffed4153800 Threw 0x00000007d6130fa8 at /HUDSON/workspace/7u-2-build-macosx-x86_64/jdk7u51/527/hotspot/src/share/vm/prims/jvm.cpp:1244
Event: 8.956 Thread 0x00007ffed4153800 Threw 0x00000007d61370c0 at /HUDSON/workspace/7u-2-build-macosx-x86_64/jdk7u51/527/hotspot/src/share/vm/prims/jvm.cpp:1244
Event: 8.957 Thread 0x00007ffed4153800 Threw 0x00000007d613cd38 at /HUDSON/workspace/7u-2-build-macosx-x86_64/jdk7u51/527/hotspot/src/share/vm/prims/jvm.cpp:1244
Event: 9.058 Thread 0x00007ffed4153800 Threw 0x00000007d6140440 at /HUDSON/workspace/7u-2-build-macosx-x86_64/jdk7u51/527/hotspot/src/share/vm/prims/jvm.cpp:1244
Event: 69.909 Thread 0x00007ffed4153800 Threw 0x00000007d626c828 at /HUDSON/workspace/7u-2-build-macosx-x86_64/jdk7u51/527/hotspot/src/share/vm/prims/jvm.cpp:1244

Events (10 events):
Event: 19.158 Thread 0x00007ffed4153800 DEOPT PACKING pc=0x00000001031aa644 sp=0x000000011362f490
Event: 19.158 Thread 0x00007ffed4153800 DEOPT UNPACKING pc=0x000000010313c045 sp=0x000000011362f360 mode 2
Event: 34.158 loading class 0x000000010b3dcd10
Event: 34.158 loading class 0x000000010b3dcd10 done
Event: 53.032 Executing VM operation: RevokeBias
Event: 53.032 Executing VM operation: RevokeBias done
Event: 67.401 Executing VM operation: RevokeBias
Event: 67.401 Executing VM operation: RevokeBias done
Event: 69.909 loading class 0x00007ffed27ecf40
Event: 69.909 loading class 0x00007ffed27ecf40 done


Dynamic libraries:
0x00000000079ac000 	/System/Library/Frameworks/Cocoa.framework/Versions/A/Cocoa
0x00000000079ac000 	/System/Library/Frameworks/Security.framework/Versions/A/Security
0x00000000079ac000 	/System/Library/Frameworks/ApplicationServices.framework/Versions/A/ApplicationServices
0x00000000079ac000 	/usr/lib/libz.1.dylib
0x00000000079ac000 	/usr/lib/libSystem.B.dylib
0x00000000079ac000 	/usr/lib/libobjc.A.dylib
0x00000000079ac000 	/System/Library/Frameworks/CoreFoundation.framework/Versions/A/CoreFoundation
0x00000000079ac000 	/System/Library/Frameworks/Foundation.framework/Versions/C/Foundation
0x00000000079ac000 	/System/Library/Frameworks/AppKit.framework/Versions/C/AppKit
0x00000000079ac000 	/System/Library/Frameworks/CoreData.framework/Versions/A/CoreData
0x00000000079ac000 	/System/Library/PrivateFrameworks/RemoteViewServices.framework/Versions/A/RemoteViewServices
0x00000000079ac000 	/System/Library/PrivateFrameworks/UIFoundation.framework/Versions/A/UIFoundation
0x00000000079ac000 	/System/Library/Frameworks/IOSurface.framework/Versions/A/IOSurface
0x00000000079ac000 	/System/Library/Frameworks/AudioToolbox.framework/Versions/A/AudioToolbox
0x00000000079ac000 	/System/Library/Frameworks/AudioUnit.framework/Versions/A/AudioUnit
0x00000000079ac000 	/System/Library/PrivateFrameworks/DataDetectorsCore.framework/Versions/A/DataDetectorsCore
0x00000000079ac000 	/System/Library/PrivateFrameworks/DesktopServicesPriv.framework/Versions/A/DesktopServicesPriv
0x00000000079ac000 	/System/Library/Frameworks/Carbon.framework/Versions/A/Frameworks/HIToolbox.framework/Versions/A/HIToolbox
0x00000000079ac000 	/System/Library/Frameworks/QuartzCore.framework/Versions/A/QuartzCore
0x00000000079ac000 	/System/Library/Frameworks/Carbon.framework/Versions/A/Frameworks/SpeechRecognition.framework/Versions/A/SpeechRecognition
0x00000000079ac000 	/usr/lib/libauto.dylib
0x00000000079ac000 	/usr/lib/libicucore.A.dylib
0x00000000079ac000 	/usr/lib/libxml2.2.dylib
0x00000000079ac000 	/System/Library/PrivateFrameworks/CoreUI.framework/Versions/A/CoreUI
0x00000000079ac000 	/System/Library/Frameworks/CoreAudio.framework/Versions/A/CoreAudio
0x00000000079ac000 	/System/Library/Frameworks/DiskArbitration.framework/Versions/A/DiskArbitration
0x00000000079ac000 	/usr/lib/liblangid.dylib
0x00000000079ac000 	/System/Library/PrivateFrameworks/MultitouchSupport.framework/Versions/A/MultitouchSupport
0x00000000079ac000 	/System/Library/Frameworks/IOKit.framework/Versions/A/IOKit
0x00000000079ac000 	/usr/lib/libDiagnosticMessagesClient.dylib
0x00000000079ac000 	/System/Library/Frameworks/CoreServices.framework/Versions/A/CoreServices
0x00000000079ac000 	/System/Library/PrivateFrameworks/PerformanceAnalysis.framework/Versions/A/PerformanceAnalysis
0x00000000079ac000 	/System/Library/PrivateFrameworks/GenerationalStorage.framework/Versions/A/GenerationalStorage
0x00000000079ac000 	/System/Library/Frameworks/OpenGL.framework/Versions/A/OpenGL
0x00000000079ac000 	/System/Library/PrivateFrameworks/Sharing.framework/Versions/A/Sharing
0x00000000079ac000 	/System/Library/Frameworks/CoreGraphics.framework/Versions/A/CoreGraphics
0x00000000079ac000 	/System/Library/Frameworks/CoreText.framework/Versions/A/CoreText
0x00000000079ac000 	/System/Library/Frameworks/ImageIO.framework/Versions/A/ImageIO
0x00000000079ac000 	/usr/lib/libextension.dylib
0x00000000079ac000 	/System/Library/PrivateFrameworks/Backup.framework/Versions/A/Backup
0x00000000079ac000 	/usr/lib/libarchive.2.dylib
0x00000000079ac000 	/System/Library/Frameworks/CFNetwork.framework/Versions/A/CFNetwork
0x00000000079ac000 	/System/Library/Frameworks/SystemConfiguration.framework/Versions/A/SystemConfiguration
0x00000000079ac000 	/usr/lib/libCRFSuite.dylib
0x00000000079ac000 	/usr/lib/libc++.1.dylib
0x00000000079ac000 	/usr/lib/libc++abi.dylib
0x00000000079ac000 	/usr/lib/system/libcache.dylib
0x00000000079ac000 	/usr/lib/system/libcommonCrypto.dylib
0x00000000079ac000 	/usr/lib/system/libcompiler_rt.dylib
0x00000000079ac000 	/usr/lib/system/libcopyfile.dylib
0x00000000079ac000 	/usr/lib/system/libcorecrypto.dylib
0x00000000079ac000 	/usr/lib/system/libdispatch.dylib
0x00000000079ac000 	/usr/lib/system/libdyld.dylib
0x00000000079ac000 	/usr/lib/system/libkeymgr.dylib
0x00000000079ac000 	/usr/lib/system/liblaunch.dylib
0x00000000079ac000 	/usr/lib/system/libmacho.dylib
0x00000000079ac000 	/usr/lib/system/libquarantine.dylib
0x00000000079ac000 	/usr/lib/system/libremovefile.dylib
0x00000000079ac000 	/usr/lib/system/libsystem_asl.dylib
0x00000000079ac000 	/usr/lib/system/libsystem_blocks.dylib
0x00000000079ac000 	/usr/lib/system/libsystem_c.dylib
0x00000000079ac000 	/usr/lib/system/libsystem_configuration.dylib
0x00000000079ac000 	/usr/lib/system/libsystem_coreservices.dylib
0x00000000079ac000 	/usr/lib/system/libsystem_coretls.dylib
0x00000000079ac000 	/usr/lib/system/libsystem_dnssd.dylib
0x00000000079ac000 	/usr/lib/system/libsystem_info.dylib
0x00000000079ac000 	/usr/lib/system/libsystem_kernel.dylib
0x00000000079ac000 	/usr/lib/system/libsystem_m.dylib
0x00000000079ac000 	/usr/lib/system/libsystem_malloc.dylib
0x00000000079ac000 	/usr/lib/system/libsystem_network.dylib
0x00000000079ac000 	/usr/lib/system/libsystem_networkextension.dylib
0x00000000079ac000 	/usr/lib/system/libsystem_notify.dylib
0x00000000079ac000 	/usr/lib/system/libsystem_platform.dylib
0x00000000079ac000 	/usr/lib/system/libsystem_pthread.dylib
0x00000000079ac000 	/usr/lib/system/libsystem_sandbox.dylib
0x00000000079ac000 	/usr/lib/system/libsystem_secinit.dylib
0x00000000079ac000 	/usr/lib/system/libsystem_stats.dylib
0x00000000079ac000 	/usr/lib/system/libsystem_trace.dylib
0x00000000079ac000 	/usr/lib/system/libunc.dylib
0x00000000079ac000 	/usr/lib/system/libunwind.dylib
0x00000000079ac000 	/usr/lib/system/libxpc.dylib
0x00000000079ac000 	/usr/lib/libbz2.1.0.dylib
0x00000000079ac000 	/usr/lib/liblzma.5.dylib
0x00000000079ac000 	/usr/lib/libbsm.0.dylib
0x00000000079ac000 	/usr/lib/libsqlite3.dylib
0x00000000079ac000 	/usr/lib/system/libkxld.dylib
0x00000000079ac000 	/usr/lib/libxar.1.dylib
0x00000000079ac000 	/usr/lib/libpam.2.dylib
0x00000000079ac000 	/usr/lib/libOpenScriptingUtil.dylib
0x00000000079ac000 	/System/Library/Frameworks/CoreServices.framework/Versions/A/Frameworks/FSEvents.framework/Versions/A/FSEvents
0x00000000079ac000 	/System/Library/Frameworks/CoreServices.framework/Versions/A/Frameworks/CarbonCore.framework/Versions/A/CarbonCore
0x00000000079ac000 	/System/Library/Frameworks/CoreServices.framework/Versions/A/Frameworks/Metadata.framework/Versions/A/Metadata
0x00000000079ac000 	/System/Library/Frameworks/CoreServices.framework/Versions/A/Frameworks/OSServices.framework/Versions/A/OSServices
0x00000000079ac000 	/System/Library/Frameworks/CoreServices.framework/Versions/A/Frameworks/SearchKit.framework/Versions/A/SearchKit
0x00000000079ac000 	/System/Library/Frameworks/CoreServices.framework/Versions/A/Frameworks/AE.framework/Versions/A/AE
0x00000000079ac000 	/System/Library/Frameworks/CoreServices.framework/Versions/A/Frameworks/LaunchServices.framework/Versions/A/LaunchServices
0x00000000079ac000 	/System/Library/Frameworks/CoreServices.framework/Versions/A/Frameworks/DictionaryServices.framework/Versions/A/DictionaryServices
0x00000000079ac000 	/System/Library/Frameworks/NetFS.framework/Versions/A/NetFS
0x00000000079ac000 	/System/Library/PrivateFrameworks/NetAuth.framework/Versions/A/NetAuth
0x00000000079ac000 	/System/Library/PrivateFrameworks/login.framework/Versions/A/Frameworks/loginsupport.framework/Versions/A/loginsupport
0x00000000079ac000 	/System/Library/PrivateFrameworks/TCC.framework/Versions/A/TCC
0x00000000079ac000 	/usr/lib/libmecabra.dylib
0x00000000079ac000 	/System/Library/PrivateFrameworks/LanguageModeling.framework/Versions/A/LanguageModeling
0x00000000079ac000 	/usr/lib/libcmph.dylib
0x00000000079ac000 	/usr/lib/libiconv.2.dylib
0x00000000079ac000 	/System/Library/Frameworks/OpenDirectory.framework/Versions/A/Frameworks/CFOpenDirectory.framework/Versions/A/CFOpenDirectory
0x00000000079ac000 	/System/Library/Frameworks/ServiceManagement.framework/Versions/A/ServiceManagement
0x00000000079ac000 	/usr/lib/libxslt.1.dylib
0x00000000079ac000 	/System/Library/Frameworks/Carbon.framework/Versions/A/Frameworks/Ink.framework/Versions/A/Ink
0x00000000079ac000 	/System/Library/Frameworks/ApplicationServices.framework/Versions/A/Frameworks/ATS.framework/Versions/A/ATS
0x00000000079ac000 	/System/Library/Frameworks/ApplicationServices.framework/Versions/A/Frameworks/ColorSync.framework/Versions/A/ColorSync
0x00000000079ac000 	/System/Library/Frameworks/ApplicationServices.framework/Versions/A/Frameworks/HIServices.framework/Versions/A/HIServices
0x00000000079ac000 	/System/Library/Frameworks/ApplicationServices.framework/Versions/A/Frameworks/LangAnalysis.framework/Versions/A/LangAnalysis
0x00000000079ac000 	/System/Library/Frameworks/ApplicationServices.framework/Versions/A/Frameworks/PrintCore.framework/Versions/A/PrintCore
0x00000000079ac000 	/System/Library/Frameworks/ApplicationServices.framework/Versions/A/Frameworks/QD.framework/Versions/A/QD
0x00000000079ac000 	/System/Library/Frameworks/ApplicationServices.framework/Versions/A/Frameworks/SpeechSynthesis.framework/Versions/A/SpeechSynthesis
0x00000000079ac000 	/System/Library/Frameworks/Accelerate.framework/Versions/A/Accelerate
0x00000000079ac000 	/System/Library/Frameworks/Accelerate.framework/Versions/A/Frameworks/vImage.framework/Versions/A/vImage
0x00000000079ac000 	/System/Library/Frameworks/Accelerate.framework/Versions/A/Frameworks/vecLib.framework/Versions/A/vecLib
0x00000000079ac000 	/System/Library/Frameworks/Accelerate.framework/Versions/A/Frameworks/vecLib.framework/Versions/A/libvDSP.dylib
0x00000000079ac000 	/System/Library/Frameworks/Accelerate.framework/Versions/A/Frameworks/vecLib.framework/Versions/A/libvMisc.dylib
0x00000000079ac000 	/System/Library/Frameworks/Accelerate.framework/Versions/A/Frameworks/vecLib.framework/Versions/A/libLAPACK.dylib
0x00000000079ac000 	/System/Library/Frameworks/Accelerate.framework/Versions/A/Frameworks/vecLib.framework/Versions/A/libBLAS.dylib
0x00000000079ac000 	/System/Library/Frameworks/Accelerate.framework/Versions/A/Frameworks/vecLib.framework/Versions/A/libLinearAlgebra.dylib
0x00000000079ac000 	/System/Library/Frameworks/ApplicationServices.framework/Versions/A/Frameworks/ATS.framework/Versions/A/Resources/libFontParser.dylib
0x00000000079ac000 	/System/Library/Frameworks/ApplicationServices.framework/Versions/A/Frameworks/ATS.framework/Versions/A/Resources/libFontRegistry.dylib
0x00000000079ac000 	/System/Library/PrivateFrameworks/AppleVPA.framework/Versions/A/AppleVPA
0x00000000079ac000 	/System/Library/PrivateFrameworks/AppleJPEG.framework/Versions/A/AppleJPEG
0x00000000079ac000 	/System/Library/Frameworks/ImageIO.framework/Versions/A/Resources/libJPEG.dylib
0x00000000079ac000 	/System/Library/Frameworks/ImageIO.framework/Versions/A/Resources/libTIFF.dylib
0x00000000079ac000 	/System/Library/Frameworks/ImageIO.framework/Versions/A/Resources/libPng.dylib
0x00000000079ac000 	/System/Library/Frameworks/ImageIO.framework/Versions/A/Resources/libGIF.dylib
0x00000000079ac000 	/System/Library/Frameworks/ImageIO.framework/Versions/A/Resources/libJP2.dylib
0x00000000079ac000 	/System/Library/Frameworks/ImageIO.framework/Versions/A/Resources/libRadiance.dylib
0x00000000079ac000 	/System/Library/Frameworks/CoreVideo.framework/Versions/A/CoreVideo
0x00000000079ac000 	/System/Library/Frameworks/OpenGL.framework/Versions/A/Libraries/libGLU.dylib
0x00000000079ac000 	/System/Library/Frameworks/OpenGL.framework/Versions/A/Libraries/libGFXShared.dylib
0x00000000079ac000 	/System/Library/Frameworks/OpenGL.framework/Versions/A/Libraries/libGL.dylib
0x00000000079ac000 	/System/Library/Frameworks/OpenGL.framework/Versions/A/Libraries/libGLImage.dylib
0x00000000079ac000 	/System/Library/Frameworks/OpenGL.framework/Versions/A/Libraries/libCVMSPluginSupport.dylib
0x00000000079ac000 	/System/Library/Frameworks/OpenGL.framework/Versions/A/Libraries/libCoreVMClient.dylib
0x00000000079ac000 	/usr/lib/libcups.2.dylib
0x00000000079ac000 	/System/Library/Frameworks/Kerberos.framework/Versions/A/Kerberos
0x00000000079ac000 	/System/Library/Frameworks/GSS.framework/Versions/A/GSS
0x00000000079ac000 	/usr/lib/libresolv.9.dylib
0x00000000079ac000 	/System/Library/PrivateFrameworks/Heimdal.framework/Versions/A/Heimdal
0x00000000079ac000 	/usr/lib/libheimdal-asn1.dylib
0x00000000079ac000 	/System/Library/Frameworks/OpenDirectory.framework/Versions/A/OpenDirectory
0x00000000079ac000 	/System/Library/PrivateFrameworks/CommonAuth.framework/Versions/A/CommonAuth
0x00000000079ac000 	/System/Library/Frameworks/SecurityFoundation.framework/Versions/A/SecurityFoundation
0x00000000079ac000 	/System/Library/Frameworks/QuartzCore.framework/Versions/A/Frameworks/CoreImage.framework/Versions/A/CoreImage
0x00000000079ac000 	/System/Library/PrivateFrameworks/CrashReporterSupport.framework/Versions/A/CrashReporterSupport
0x00000000079ac000 	/System/Library/Frameworks/OpenCL.framework/Versions/A/OpenCL
0x00000000079ac000 	/System/Library/PrivateFrameworks/FaceCore.framework/Versions/A/FaceCore
0x00000000079ac000 	/System/Library/PrivateFrameworks/Ubiquity.framework/Versions/A/Ubiquity
0x00000000079ac000 	/System/Library/PrivateFrameworks/IconServices.framework/Versions/A/IconServices
0x00000000079ac000 	/System/Library/PrivateFrameworks/ChunkingLibrary.framework/Versions/A/ChunkingLibrary
0x00000000079ac000 	/System/Library/PrivateFrameworks/Apple80211.framework/Versions/A/Apple80211
0x00000000079ac000 	/System/Library/Frameworks/CoreWLAN.framework/Versions/A/CoreWLAN
0x00000000079ac000 	/System/Library/Frameworks/IOBluetooth.framework/Versions/A/IOBluetooth
0x00000000079ac000 	/System/Library/PrivateFrameworks/CoreWiFi.framework/Versions/A/CoreWiFi
0x00000000079ac000 	/System/Library/Frameworks/CoreBluetooth.framework/Versions/A/CoreBluetooth
0x00000000079ac000 	/System/Library/PrivateFrameworks/DebugSymbols.framework/Versions/A/DebugSymbols
0x00000000079ac000 	/System/Library/PrivateFrameworks/CoreSymbolication.framework/Versions/A/CoreSymbolication
0x00000000079ac000 	/System/Library/PrivateFrameworks/Symbolication.framework/Versions/A/Symbolication
0x00000000079ac000 	/System/Library/PrivateFrameworks/SpeechRecognitionCore.framework/Versions/A/SpeechRecognitionCore
0x0000000101cfe000 	/Library/Java/JavaVirtualMachines/jdk1.7.0_51.jdk/Contents/Home/jre/lib/server/libjvm.dylib
0x00000000079ac000 	/usr/lib/libstdc++.6.dylib
0x0000000102768000 	/Library/Java/JavaVirtualMachines/jdk1.7.0_51.jdk/Contents/Home/jre/lib/libverify.dylib
0x0000000102775000 	/Library/Java/JavaVirtualMachines/jdk1.7.0_51.jdk/Contents/Home/jre/lib/libjava.dylib
0x00000001027af000 	/Library/Java/JavaVirtualMachines/jdk1.7.0_51.jdk/Contents/Home/jre/lib/libzip.dylib
0x00000001027e2000 	/System/Library/Frameworks/JavaVM.framework/Frameworks/JavaRuntimeSupport.framework/JavaRuntimeSupport
0x000000010c946000 	/System/Library/Frameworks/JavaVM.framework/Versions/A/Frameworks/JavaNativeFoundation.framework/Versions/A/JavaNativeFoundation
0x000000010c95b000 	/System/Library/Frameworks/JavaVM.framework/Versions/A/JavaVM
0x00000000079ac000 	/System/Library/Frameworks/Carbon.framework/Versions/A/Carbon
0x000000010c968000 	/System/Library/PrivateFrameworks/JavaLaunching.framework/Versions/A/JavaLaunching
0x00000000079ac000 	/System/Library/Frameworks/Carbon.framework/Versions/A/Frameworks/CommonPanels.framework/Versions/A/CommonPanels
0x00000000079ac000 	/System/Library/Frameworks/Carbon.framework/Versions/A/Frameworks/Help.framework/Versions/A/Help
0x00000000079ac000 	/System/Library/Frameworks/Carbon.framework/Versions/A/Frameworks/ImageCapture.framework/Versions/A/ImageCapture
0x00000000079ac000 	/System/Library/Frameworks/Carbon.framework/Versions/A/Frameworks/OpenScripting.framework/Versions/A/OpenScripting
0x00000000079ac000 	/System/Library/Frameworks/Carbon.framework/Versions/A/Frameworks/Print.framework/Versions/A/Print
0x00000000079ac000 	/System/Library/Frameworks/Carbon.framework/Versions/A/Frameworks/SecurityHI.framework/Versions/A/SecurityHI
0x000000010e71d000 	/Library/Java/JavaVirtualMachines/jdk1.7.0_51.jdk/Contents/Home/jre/lib/libawt.dylib
0x000000010e7cc000 	/Library/Java/JavaVirtualMachines/jdk1.7.0_51.jdk/Contents/Home/jre/lib/./libmlib_image.dylib
0x000000010e898000 	/Library/Java/JavaVirtualMachines/jdk1.7.0_51.jdk/Contents/Home/jre/lib/lwawt/liblwawt.dylib
0x000000010e94c000 	/Library/Java/JavaVirtualMachines/jdk1.7.0_51.jdk/Contents/Home/jre/lib/libosxapp.dylib
0x00000000079ac000 	/System/Library/Frameworks/ExceptionHandling.framework/Versions/A/ExceptionHandling
0x00000000079ac000 	/System/Library/PrivateFrameworks/CoreServicesInternal.framework/Versions/A/CoreServicesInternal
0x00000000079ac000 	/System/Library/PrivateFrameworks/CloudDocs.framework/Versions/A/CloudDocs
0x00000000079ac000 	/System/Library/PrivateFrameworks/CoreDuet.framework/Versions/A/CoreDuet
0x00000000079ac000 	/System/Library/Frameworks/CloudKit.framework/Versions/A/CloudKit
0x00000000079ac000 	/System/Library/PrivateFrameworks/ProtocolBuffer.framework/Versions/A/ProtocolBuffer
0x00000000079ac000 	/System/Library/PrivateFrameworks/CoreDuetDaemonProtocol.framework/Versions/A/CoreDuetDaemonProtocol
0x00000000079ac000 	/System/Library/PrivateFrameworks/CoreDuetDebugLogging.framework/Versions/A/CoreDuetDebugLogging
0x00000000079ac000 	/System/Library/Frameworks/CoreLocation.framework/Versions/A/CoreLocation
0x00000000079ac000 	/System/Library/Frameworks/Accounts.framework/Versions/A/Accounts
0x00000000079ac000 	/System/Library/PrivateFrameworks/ApplePushService.framework/Versions/A/ApplePushService
0x00000000079ac000 	/System/Library/PrivateFrameworks/GeoServices.framework/Versions/A/GeoServices
0x00000000079ac000 	/System/Library/PrivateFrameworks/OAuth.framework/Versions/A/OAuth
0x00000000079ac000 	/System/Library/PrivateFrameworks/CoreDaemon.framework/Versions/B/CoreDaemon
0x00000000079ac000 	/usr/lib/libcrypto.0.9.8.dylib
0x00000000079ac000 	/System/Library/PrivateFrameworks/AppleSRP.framework/Versions/A/AppleSRP
0x00000000079ac000 	/System/Library/PrivateFrameworks/TrustEvaluationAgent.framework/Versions/A/TrustEvaluationAgent
0x00000000079ac000 	/System/Library/Frameworks/CoreGraphics.framework/Versions/A/Resources/libCGCMS.A.dylib
0x00000000079ac000 	/System/Library/Frameworks/CoreGraphics.framework/Versions/A/Resources/libRIP.A.dylib
0x00000000079ac000 	/System/Library/Frameworks/CoreGraphics.framework/Versions/A/Resources/libCGXType.A.dylib
0x00000000079ac000 	/System/Library/Frameworks/OpenCL.framework/Versions/A/Libraries/libcldcpuengine.dylib
0x00000000079ac000 	/System/Library/PrivateFrameworks/DiskImages.framework/Versions/A/DiskImages
0x00000000079ac000 	/System/Library/Frameworks/DiscRecording.framework/Versions/A/DiscRecording
0x00000000079ac000 	/usr/lib/libcsfde.dylib
0x00000000079ac000 	/usr/lib/libcurl.4.dylib
0x00000000079ac000 	/System/Library/PrivateFrameworks/MediaKit.framework/Versions/A/MediaKit
0x00000000079ac000 	/System/Library/PrivateFrameworks/ProtectedCloudStorage.framework/Versions/A/ProtectedCloudStorage
0x00000000079ac000 	/usr/lib/libCoreStorage.dylib
0x00000000079ac000 	/System/Library/PrivateFrameworks/EFILogin.framework/Versions/A/EFILogin
0x00000000079ac000 	/usr/lib/libutil.dylib
0x00000000079ac000 	/System/Library/PrivateFrameworks/FindMyDevice.framework/Versions/A/FindMyDevice
0x00000000079ac000 	/System/Library/Frameworks/LDAP.framework/Versions/A/LDAP
0x00000000079ac000 	/usr/lib/libsasl2.2.dylib
0x00000001117f5000 	cl_kernels
0x00000001117f7000 	/System/Library/Frameworks/OpenCL.framework/Versions/A/Libraries/ImageFormats/unorm8_bgra.dylib
0x00000001117e7000 	cl_kernels
0x00000000079ac000 	/System/Library/PrivateFrameworks/FamilyControls.framework/Versions/A/FamilyControls
0x00000000079ac000 	/System/Library/PrivateFrameworks/CommerceKit.framework/Versions/A/Frameworks/CommerceCore.framework/Versions/A/CommerceCore
0x00000000079ac000 	/System/Library/PrivateFrameworks/SystemAdministration.framework/Versions/A/SystemAdministration
0x00000000079ac000 	/System/Library/PrivateFrameworks/AppContainer.framework/Versions/A/AppContainer
0x00000000079ac000 	/System/Library/PrivateFrameworks/SecCodeWrapper.framework/Versions/A/SecCodeWrapper
0x00000000079ac000 	/System/Library/Frameworks/DirectoryService.framework/Versions/A/DirectoryService
0x00000000079ac000 	/System/Library/PrivateFrameworks/LoginUIKit.framework/Versions/A/Frameworks/LoginUICore.framework/Versions/A/LoginUICore
0x00000000079ac000 	/usr/lib/libodfde.dylib
0x00000000079ac000 	/System/Library/Frameworks/OpenGL.framework/Versions/A/Resources/GLEngine.bundle/GLEngine
0x00000000079ac000 	/System/Library/Frameworks/OpenGL.framework/Versions/A/Libraries/libGLProgrammability.dylib
0x0000000000000000 	/System/Library/Extensions/AppleIntelHD5000GraphicsGLDriver.bundle/Contents/MacOS/AppleIntelHD5000GraphicsGLDriver
0x00000000079ac000 	/System/Library/PrivateFrameworks/IOAccelerator.framework/Versions/A/IOAccelerator
0x00000000079ac000 	/System/Library/PrivateFrameworks/GPUSupport.framework/Versions/A/Libraries/libGPUSupportMercury.dylib
0x00000000079ac000 	/System/Library/Frameworks/OpenGL.framework/Versions/A/Resources/GLRendererFloat.bundle/GLRendererFloat
0x00000001134c1000 	/Library/Java/JavaVirtualMachines/jdk1.7.0_51.jdk/Contents/Home/jre/lib/libfontmanager.dylib
0x0000000113528000 	/Library/Java/JavaVirtualMachines/jdk1.7.0_51.jdk/Contents/Home/jre/lib/libosxui.dylib
0x000000011475d000 	/Library/Java/JavaVirtualMachines/jdk1.7.0_51.jdk/Contents/Home/jre/lib/libnet.dylib
0x000000011495d000 	/Library/Java/JavaVirtualMachines/jdk1.7.0_51.jdk/Contents/Home/jre/lib/libnio.dylib
0x00000000079ac000 	/System/Library/Frameworks/Accelerate.framework/Versions/A/Frameworks/vImage.framework/Versions/A/Libraries/libCGInterfaces.dylib
0x0000000113ca7000 	/Users/alexgray/Documents/LWJGL/native/macosx/liblwjgl.jnilib
0x000000011363a000 	/Library/Java/JavaVirtualMachines/jdk1.7.0_51.jdk/Contents/Home/jre/lib/libjawt.dylib

VM Arguments:
jvm_args: -Dfile.encoding=UTF-8 -Djava.library.path=/Users/alexgray/Documents/LWJGL/native/macosx 
java_command: com.swarmga.logic.MainComponent
Launcher Type: SUN_STANDARD

Environment Variables:
PATH=/usr/bin:/bin:/usr/sbin:/sbin
LD_LIBRARY_PATH=/Library/Java/JavaVirtualMachines/jdk1.7.0_51.jdk/Contents/Home/jre/lib/amd64:/Library/Java/JavaVirtualMachines/jdk1.7.0_51.jdk/Contents/Home/jre/lib/i386:
SHELL=/bin/bash
DYLD_LIBRARY_PATH=/Applications/NetBeans/NetBeans 8.0.app/Contents/Resources/NetBeans/webcommon/bin:

Signal Handlers:
SIGSEGV: [libjvm.dylib+0x525425], sa_mask[0]=0xfffefeff, sa_flags=0x00000043
SIGBUS: [libjvm.dylib+0x525425], sa_mask[0]=0xfffefeff, sa_flags=0x00000042
SIGFPE: [libjvm.dylib+0x41892a], sa_mask[0]=0xfffefeff, sa_flags=0x00000042
SIGPIPE: [libjvm.dylib+0x41892a], sa_mask[0]=0xfffefeff, sa_flags=0x00000042
SIGXFSZ: [libjvm.dylib+0x41892a], sa_mask[0]=0xfffefeff, sa_flags=0x00000042
SIGILL: [libjvm.dylib+0x41892a], sa_mask[0]=0xfffefeff, sa_flags=0x00000042
SIGUSR1: SIG_DFL, sa_mask[0]=0x00000000, sa_flags=0x00000000
SIGUSR2: [libjvm.dylib+0x41841c], sa_mask[0]=0x00000004, sa_flags=0x00000042
SIGHUP: [libjvm.dylib+0x4166ab], sa_mask[0]=0xfffefeff, sa_flags=0x00000042
SIGINT: SIG_IGN, sa_mask[0]=0x00000000, sa_flags=0x00000000
SIGTERM: [libjvm.dylib+0x4166ab], sa_mask[0]=0xfffefeff, sa_flags=0x00000042
SIGQUIT: [libjvm.dylib+0x4166ab], sa_mask[0]=0xfffefeff, sa_flags=0x00000042


---------------  S Y S T E M  ---------------

OS:Bsduname:Darwin 14.0.0 Darwin Kernel Version 14.0.0: Fri Sep 19 00:26:44 PDT 2014; root:xnu-2782.1.97~2/RELEASE_X86_64 x86_64
rlimit: STACK 8192k, CORE 0k, NPROC 709, NOFILE 10240, AS infinity
load average:4.51 3.92 3.55

CPU:total 4 (2 cores per cpu, 2 threads per core) family 6 model 69 stepping 1, cmov, cx8, fxsr, mmx, sse, sse2, sse3, ssse3, sse4.1, sse4.2, popcnt, avx, avx2, aes, erms, ht, tsc, tscinvbit

Memory: 4k page, physical 8388608k(2097152k free)

/proc/meminfo:


vm_info: Java HotSpot(TM) 64-Bit Server VM (24.51-b03) for bsd-amd64 JRE (1.7.0_51-b13), built on Dec 18 2013 18:45:56 by "java_re" with gcc 4.2.1 (Based on Apple Inc. build 5658) (LLVM build 2336.11.00)

time: Mon Dec  8 17:10:56 2014
elapsed time: 69 seconds

